Release 14.7 - xst P.20131013 (lin64)
Copyright (c) 1995-2013 Xilinx, Inc.  All rights reserved.
--> 
Parameter TMPDIR set to xst/projnav.tmp


Total REAL time to Xst completion: 0.00 secs
Total CPU time to Xst completion: 0.04 secs
 
--> 
Parameter xsthdpdir set to xst


Total REAL time to Xst completion: 0.00 secs
Total CPU time to Xst completion: 0.04 secs
 
--> 
Reading design: Vadar.prj

TABLE OF CONTENTS
  1) Synthesis Options Summary
  2) HDL Parsing
  3) HDL Elaboration
  4) HDL Synthesis
       4.1) HDL Synthesis Report
  5) Advanced HDL Synthesis
       5.1) Advanced HDL Synthesis Report
  6) Low Level Synthesis
  7) Partition Report
  8) Design Summary
       8.1) Primitive and Black Box Usage
       8.2) Device utilization summary
       8.3) Partition Resource Summary
       8.4) Timing Report
            8.4.1) Clock Information
            8.4.2) Asynchronous Control Signals Information
            8.4.3) Timing Summary
            8.4.4) Timing Details
            8.4.5) Cross Clock Domains Report


=========================================================================
*                      Synthesis Options Summary                        *
=========================================================================
---- Source Parameters
Input File Name                    : "Vadar.prj"
Ignore Synthesis Constraint File   : NO

---- Target Parameters
Output File Name                   : "Vadar"
Output Format                      : NGC
Target Device                      : xc7a100t-3-csg324

---- Source Options
Top Module Name                    : Vadar
Automatic FSM Extraction           : YES
FSM Encoding Algorithm             : Auto
Safe Implementation                : No
FSM Style                          : LUT
RAM Extraction                     : Yes
RAM Style                          : Auto
ROM Extraction                     : Yes
Shift Register Extraction          : YES
ROM Style                          : Auto
Resource Sharing                   : YES
Asynchronous To Synchronous        : NO
Shift Register Minimum Size        : 2
Use DSP Block                      : Auto
Automatic Register Balancing       : No

---- Target Options
LUT Combining                      : Auto
Reduce Control Sets                : Auto
Add IO Buffers                     : YES
Global Maximum Fanout              : 100000
Add Generic Clock Buffer(BUFG)     : 32
Register Duplication               : YES
Optimize Instantiated Primitives   : NO
Use Clock Enable                   : Auto
Use Synchronous Set                : Auto
Use Synchronous Reset              : Auto
Pack IO Registers into IOBs        : Auto
Equivalent register Removal        : YES

---- General Options
Optimization Goal                  : Speed
Optimization Effort                : 1
Power Reduction                    : NO
Keep Hierarchy                     : No
Netlist Hierarchy                  : As_Optimized
RTL Output                         : Yes
Global Optimization                : AllClockNets
Read Cores                         : YES
Write Timing Constraints           : NO
Cross Clock Analysis               : NO
Hierarchy Separator                : /
Bus Delimiter                      : <>
Case Specifier                     : Maintain
Slice Utilization Ratio            : 100
BRAM Utilization Ratio             : 100
DSP48 Utilization Ratio            : 100
Auto BRAM Packing                  : NO
Slice Utilization Ratio Delta      : 5

=========================================================================


=========================================================================
*                          HDL Parsing                                  *
=========================================================================
Analyzing Verilog file "/home/bluelabuser/Desktop/UART_Tx.v" into library work
Parsing module <UART_Tx>.
Analyzing Verilog file "/home/bluelabuser/Desktop/UART_Rx.v" into library work
Parsing module <UART_Rx>.
Analyzing Verilog file "/home/bluelabuser/Desktop/UART.v" into library work
Parsing module <UART>.
Analyzing Verilog file "/home/bluelabuser/Documents/Vadar/Vadar.v" into library work
Parsing module <Vadar>.

=========================================================================
*                            HDL Elaboration                            *
=========================================================================

Elaborating module <Vadar>.

Elaborating module <UART>.

Elaborating module <UART_Rx(N=6,Full=6'b100000)>.

Elaborating module <UART_Tx(N=6,Full=6'b100000)>.
WARNING:HDLCompiler:189 - "/home/bluelabuser/Documents/Vadar/Vadar.v" Line 17: Size mismatch in connection of port <Rx_Data>. Formal port size is 8-bit while actual signal size is 1-bit.
WARNING:HDLCompiler:1127 - "/home/bluelabuser/Documents/Vadar/Vadar.v" Line 17: Assignment to Rx_Data ignored, since the identifier is never used
WARNING:HDLCompiler:1127 - "/home/bluelabuser/Documents/Vadar/Vadar.v" Line 18: Assignment to Rx_Ready ignored, since the identifier is never used
WARNING:HDLCompiler:189 - "/home/bluelabuser/Documents/Vadar/Vadar.v" Line 20: Size mismatch in connection of port <Tx_Data>. Formal port size is 8-bit while actual signal size is 1-bit.
WARNING:HDLCompiler:413 - "/home/bluelabuser/Documents/Vadar/Vadar.v" Line 35: Result of 7-bit expression is truncated to fit in 1-bit target.

=========================================================================
*                           HDL Synthesis                               *
=========================================================================

Synthesizing Unit <Vadar>.
    Related source file is "/home/bluelabuser/Documents/Vadar/Vadar.v".
INFO:Xst:3210 - "/home/bluelabuser/Documents/Vadar/Vadar.v" line 15: Output port <Rx_Data> of the instance <UART1> is unconnected or connected to loadless signal.
INFO:Xst:3210 - "/home/bluelabuser/Documents/Vadar/Vadar.v" line 15: Output port <Rx_Ready> of the instance <UART1> is unconnected or connected to loadless signal.
    Found 1-bit register for signal <Tx_Send>.
    Summary:
	inferred   1 D-type flip-flop(s).
Unit <Vadar> synthesized.

Synthesizing Unit <UART>.
    Related source file is "/home/bluelabuser/Desktop/UART.v".
        N = 6
        Full = 6'b100000
    Summary:
	no macro.
Unit <UART> synthesized.

Synthesizing Unit <UART_Rx>.
    Related source file is "/home/bluelabuser/Desktop/UART_Rx.v".
        N = 6
        Full = 6'b100000
    Found 1-bit register for signal <tReset>.
    Found 8-bit register for signal <Data>.
    Found 1-bit register for signal <Ready>.
    Found 1-bit register for signal <NewData>.
    Found 6-bit register for signal <Count>.
    Found 2-bit register for signal <State>.
    Found 3-bit register for signal <BitCount>.
    Found 8-bit register for signal <Temp>.
    Found 1-bit register for signal <tRx>.
    Found finite state machine <FSM_0> for signal <State>.
    -----------------------------------------------------------------------
    | States             | 4                                              |
    | Transitions        | 14                                             |
    | Inputs             | 6                                              |
    | Outputs            | 4                                              |
    | Clock              | Clk (rising_edge)                              |
    | Reset              | tReset (positive)                              |
    | Reset type         | synchronous                                    |
    | Reset State        | 00                                             |
    | Encoding           | auto                                           |
    | Implementation     | LUT                                            |
    -----------------------------------------------------------------------
    Found 6-bit subtractor for signal <Count[5]_GND_3_o_sub_26_OUT> created at line 122.
    Found 3-bit adder for signal <BitCount[2]_GND_3_o_add_17_OUT> created at line 115.
    WARNING:Xst:2404 -  FFs/Latches <tAck<0:0>> (without init value) have a constant value of 0 in block <UART_Rx>.
    Summary:
	inferred   2 Adder/Subtractor(s).
	inferred  29 D-type flip-flop(s).
	inferred   5 Multiplexer(s).
	inferred   1 Finite State Machine(s).
Unit <UART_Rx> synthesized.

Synthesizing Unit <UART_Tx>.
    Related source file is "/home/bluelabuser/Desktop/UART_Tx.v".
        N = 6
        Full = 6'b100000
    Found 1-bit register for signal <Busy>.
    Found 1-bit register for signal <Tx>.
    Found 1-bit register for signal <tSend>.
    Found 6-bit register for signal <Count>.
    Found 3-bit register for signal <BitCount>.
    Found 2-bit register for signal <State>.
    Found 8-bit register for signal <Temp>.
    Found 1-bit register for signal <tReset>.
    Found finite state machine <FSM_1> for signal <State>.
    -----------------------------------------------------------------------
    | States             | 4                                              |
    | Transitions        | 11                                             |
    | Inputs             | 3                                              |
    | Outputs            | 3                                              |
    | Clock              | Clk (rising_edge)                              |
    | Reset              | tReset (positive)                              |
    | Reset type         | synchronous                                    |
    | Reset State        | 00                                             |
    | Encoding           | auto                                           |
    | Implementation     | LUT                                            |
    -----------------------------------------------------------------------
    Found 3-bit subtractor for signal <BitCount[2]_GND_4_o_sub_9_OUT> created at line 85.
    Found 6-bit subtractor for signal <Count[5]_GND_4_o_sub_17_OUT> created at line 107.
    Summary:
	inferred   2 Adder/Subtractor(s).
	inferred  21 D-type flip-flop(s).
	inferred   5 Multiplexer(s).
	inferred   1 Finite State Machine(s).
Unit <UART_Tx> synthesized.

=========================================================================
HDL Synthesis Report

Macro Statistics
# Adders/Subtractors                                   : 4
 3-bit adder                                           : 1
 3-bit subtractor                                      : 1
 6-bit subtractor                                      : 2
# Registers                                            : 16
 1-bit register                                        : 9
 3-bit register                                        : 2
 6-bit register                                        : 2
 8-bit register                                        : 3
# Multiplexers                                         : 10
 1-bit 2-to-1 multiplexer                              : 2
 3-bit 2-to-1 multiplexer                              : 2
 6-bit 2-to-1 multiplexer                              : 5
 8-bit 2-to-1 multiplexer                              : 1
# FSMs                                                 : 2

=========================================================================

=========================================================================
*                       Advanced HDL Synthesis                          *
=========================================================================

WARNING:Xst:1290 - Hierarchical block <UART_Rx1> is unconnected in block <UART1>.
   It will be removed from the design.

Synthesizing (advanced) Unit <UART_Rx>.
The following registers are absorbed into counter <Count>: 1 register on signal <Count>.
Unit <UART_Rx> synthesized (advanced).

Synthesizing (advanced) Unit <UART_Tx>.
The following registers are absorbed into counter <BitCount>: 1 register on signal <BitCount>.
The following registers are absorbed into counter <Count>: 1 register on signal <Count>.
Unit <UART_Tx> synthesized (advanced).

=========================================================================
Advanced HDL Synthesis Report

Macro Statistics
# Adders/Subtractors                                   : 1
 3-bit adder                                           : 1
# Counters                                             : 3
 3-bit down counter                                    : 1
 6-bit down counter                                    : 2
# Registers                                            : 36
 Flip-Flops                                            : 36
# Multiplexers                                         : 7
 1-bit 2-to-1 multiplexer                              : 2
 3-bit 2-to-1 multiplexer                              : 1
 6-bit 2-to-1 multiplexer                              : 3
 8-bit 2-to-1 multiplexer                              : 1
# FSMs                                                 : 2

=========================================================================

=========================================================================
*                         Low Level Synthesis                           *
=========================================================================
WARNING:Xst:2973 - All outputs of instance <UART1/UART_Rx1> of block <UART_Rx> are unconnected in block <Vadar>. Underlying logic will be removed.
Analyzing FSM <MFsm> for best encoding.
Optimizing FSM <UART1/UART_Tx1/FSM_1> on signal <State[1:2]> with user encoding.
-------------------
 State | Encoding
-------------------
 00    | 00
 01    | 01
 11    | 11
 10    | 10
-------------------
Analyzing FSM <MFsm> for best encoding.
Optimizing FSM <FSM_0> on signal <State[1:2]> with gray encoding.
-------------------
 State | Encoding
-------------------
 00    | 00
 10    | 01
 01    | 11
 11    | 10
-------------------
WARNING:Xst:1710 - FF/Latch <Temp_1> (without init value) has a constant value of 0 in block <UART_Tx>. This FF/Latch will be trimmed during the optimization process.
WARNING:Xst:1895 - Due to other FF/Latch trimming, FF/Latch <Temp_2> (without init value) has a constant value of 0 in block <UART_Tx>. This FF/Latch will be trimmed during the optimization process.
WARNING:Xst:1895 - Due to other FF/Latch trimming, FF/Latch <Temp_3> (without init value) has a constant value of 0 in block <UART_Tx>. This FF/Latch will be trimmed during the optimization process.
WARNING:Xst:1895 - Due to other FF/Latch trimming, FF/Latch <Temp_4> (without init value) has a constant value of 0 in block <UART_Tx>. This FF/Latch will be trimmed during the optimization process.
WARNING:Xst:1895 - Due to other FF/Latch trimming, FF/Latch <Temp_5> (without init value) has a constant value of 0 in block <UART_Tx>. This FF/Latch will be trimmed during the optimization process.
WARNING:Xst:1895 - Due to other FF/Latch trimming, FF/Latch <Temp_6> (without init value) has a constant value of 0 in block <UART_Tx>. This FF/Latch will be trimmed during the optimization process.
WARNING:Xst:1895 - Due to other FF/Latch trimming, FF/Latch <Temp_7> (without init value) has a constant value of 0 in block <UART_Tx>. This FF/Latch will be trimmed during the optimization process.

Optimizing unit <Vadar> ...

Optimizing unit <UART_Tx> ...

Optimizing unit <UART_Rx> ...

Mapping all equations...
Building and optimizing final netlist ...
Found area constraint ratio of 100 (+ 5) on block Vadar, actual ratio is 0.

Final Macro Processing ...

=========================================================================
Final Register Report

Macro Statistics
# Registers                                            : 17
 Flip-Flops                                            : 17

=========================================================================

=========================================================================
*                           Partition Report                            *
=========================================================================

Partition Implementation Status
-------------------------------

  No Partitions were found in this design.

-------------------------------

=========================================================================
*                            Design Summary                             *
=========================================================================

Top Level Output File Name         : Vadar.ngc

Primitive and Black Box Usage:
------------------------------
# BELS                             : 19
#      LUT2                        : 2
#      LUT4                        : 3
#      LUT5                        : 2
#      LUT6                        : 12
# FlipFlops/Latches                : 17
#      FD                          : 3
#      FDR                         : 4
#      FDRE                        : 9
#      FDS                         : 1
# Clock Buffers                    : 1
#      BUFGP                       : 1
# IO Buffers                       : 2
#      IBUF                        : 1
#      OBUF                        : 1

Device utilization summary:
---------------------------

Selected Device : 7a100tcsg324-3 


Slice Logic Utilization: 
 Number of Slice Registers:              17  out of  126800     0%  
 Number of Slice LUTs:                   19  out of  63400     0%  
    Number used as Logic:                19  out of  63400     0%  

Slice Logic Distribution: 
 Number of LUT Flip Flop pairs used:     21
   Number with an unused Flip Flop:       4  out of     21    19%  
   Number with an unused LUT:             2  out of     21     9%  
   Number of fully used LUT-FF pairs:    15  out of     21    71%  
   Number of unique control sets:         4

IO Utilization: 
 Number of IOs:                           4
 Number of bonded IOBs:                   3  out of    210     1%  

Specific Feature Utilization:
 Number of BUFG/BUFGCTRLs:                1  out of     32     3%  

---------------------------
Partition Resource Summary:
---------------------------

  No Partitions were found in this design.

---------------------------


=========================================================================
Timing Report

NOTE: THESE TIMING NUMBERS ARE ONLY A SYNTHESIS ESTIMATE.
      FOR ACCURATE TIMING INFORMATION PLEASE REFER TO THE TRACE REPORT
      GENERATED AFTER PLACE-and-ROUTE.

Clock Information:
------------------
-----------------------------------+------------------------+-------+
Clock Signal                       | Clock buffer(FF name)  | Load  |
-----------------------------------+------------------------+-------+
Clk                                | BUFGP                  | 17    |
-----------------------------------+------------------------+-------+

Asynchronous Control Signals Information:
----------------------------------------
No asynchronous control signals found in this design

Timing Summary:
---------------
Speed Grade: -3

   Minimum period: 1.987ns (Maximum Frequency: 503.221MHz)
   Minimum input arrival time before clock: 0.405ns
   Maximum output required time after clock: 0.645ns
   Maximum combinational path delay: No path found

Timing Details:
---------------
All values displayed in nanoseconds (ns)

=========================================================================
Timing constraint: Default period analysis for Clock 'Clk'
  Clock period: 1.987ns (frequency: 503.221MHz)
  Total number of paths / destination ports: 192 / 39
-------------------------------------------------------------------------
Delay:               1.987ns (Levels of Logic = 2)
  Source:            UART1/UART_Tx1/Count_1 (FF)
  Destination:       UART1/UART_Tx1/Count_5 (FF)
  Source Clock:      Clk rising
  Destination Clock: Clk rising

  Data Path: UART1/UART_Tx1/Count_1 to UART1/UART_Tx1/Count_5
                                Gate     Net
    Cell:in->out      fanout   Delay   Delay  Logical Name (Net Name)
    ----------------------------------------  ------------
     FDRE:C->Q             8   0.361   0.725  UART1/UART_Tx1/Count_1 (UART1/UART_Tx1/Count_1)
     LUT6:I0->O            4   0.097   0.309  UART1/UART_Tx1/out1 (UART1/UART_Tx1/n0000)
     LUT4:I3->O            6   0.097   0.302  UART1/UART_Tx1/_n0110_inv1 (UART1/UART_Tx1/_n0110_inv)
     FDRE:CE                   0.095          UART1/UART_Tx1/Count_0
    ----------------------------------------
    Total                      1.987ns (0.650ns logic, 1.337ns route)
                                       (32.7% logic, 67.3% route)

=========================================================================
Timing constraint: Default OFFSET IN BEFORE for Clock 'Clk'
  Total number of paths / destination ports: 2 / 2
-------------------------------------------------------------------------
Offset:              0.405ns (Levels of Logic = 2)
  Source:            Reset (PAD)
  Destination:       Tx_Send (FF)
  Destination Clock: Clk rising

  Data Path: Reset to Tx_Send
                                Gate     Net
    Cell:in->out      fanout   Delay   Delay  Logical Name (Net Name)
    ----------------------------------------  ------------
     IBUF:I->O             2   0.001   0.299  Reset_IBUF (Reset_IBUF)
     LUT2:I1->O            1   0.097   0.000  Tx_Send_rstpot (Tx_Send_rstpot)
     FD:D                      0.008          Tx_Send
    ----------------------------------------
    Total                      0.405ns (0.106ns logic, 0.299ns route)
                                       (26.1% logic, 73.9% route)

=========================================================================
Timing constraint: Default OFFSET OUT AFTER for Clock 'Clk'
  Total number of paths / destination ports: 1 / 1
-------------------------------------------------------------------------
Offset:              0.645ns (Levels of Logic = 1)
  Source:            UART1/UART_Tx1/Tx (FF)
  Destination:       Tx (PAD)
  Source Clock:      Clk rising

  Data Path: UART1/UART_Tx1/Tx to Tx
                                Gate     Net
    Cell:in->out      fanout   Delay   Delay  Logical Name (Net Name)
    ----------------------------------------  ------------
     FDS:C->Q              2   0.361   0.283  UART1/UART_Tx1/Tx (UART1/UART_Tx1/Tx)
     OBUF:I->O                 0.000          Tx_OBUF (Tx)
    ----------------------------------------
    Total                      0.645ns (0.361ns logic, 0.283ns route)
                                       (56.0% logic, 44.0% route)

=========================================================================

Cross Clock Domains Report:
--------------------------

Clock to Setup on destination clock Clk
---------------+---------+---------+---------+---------+
               | Src:Rise| Src:Fall| Src:Rise| Src:Fall|
Source Clock   |Dest:Rise|Dest:Rise|Dest:Fall|Dest:Fall|
---------------+---------+---------+---------+---------+
Clk            |    1.987|         |         |         |
---------------+---------+---------+---------+---------+

=========================================================================


Total REAL time to Xst completion: 8.00 secs
Total CPU time to Xst completion: 7.19 secs
 
--> 


Total memory usage is 505296 kilobytes

Number of errors   :    0 (   0 filtered)
Number of warnings :   15 (   0 filtered)
Number of infos    :    2 (   0 filtered)

